# JRE version: Java(TM) SE Runtime Environment (8.0_101-b13) (build 1.8.0_101-b13)
# Java VM: Java HotSpot(TM) 64-Bit Server VM (25.101-b13 mixed mode bsd-amd64 compressed oops)
Heap:
 PSYoungGen      total 201216K, used 174256K [0x000000076ab00000, 0x0000000778300000, 0x00000007c0000000)
  eden space 193024K, 86% used [0x000000076ab00000,0x0000000774d68c18,0x0000000776780000)
  from space 8192K, 97% used [0x0000000777b00000,0x00000007782c36c0,0x0000000778300000)
  to   space 10752K, 0% used [0x0000000776e00000,0x0000000776e00000,0x0000000777880000)
 ParOldGen       total 103424K, used 9703K [0x00000006c0000000, 0x00000006c6500000, 0x000000076ab00000)
  object space 103424K, 9% used [0x00000006c0000000,0x00000006c0979df8,0x00000006c6500000)
 Metaspace       used 34084K, capacity 34502K, committed 34816K, reserved 1079296K
  class space    used 4395K, capacity 4540K, committed 4608K, reserved 1048576K
GC Heap History (10 events):
Event: 1.209 GC heap before
{Heap before GC invocations=1 (full 0):
 PSYoungGen      total 76288K, used 65536K [0x000000076ab00000, 0x0000000770000000, 0x00000007c0000000)
  eden space 65536K, 100% used [0x000000076ab00000,0x000000076eb00000,0x000000076eb00000)
  from space 10752K, 0% used [0x000000076f580000,0x000000076f580000,0x0000000770000000)
  to   space 10752K, 0% used [0x000000076eb00000,0x000000076eb00000,0x000000076f580000)
 ParOldGen       total 175104K, used 0K [0x00000006c0000000, 0x00000006cab00000, 0x000000076ab00000)
  object space 175104K, 0% used [0x00000006c0000000,0x00000006c0000000,0x00000006cab00000)
 Metaspace       used 19461K, capacity 19696K, committed 19968K, reserved 1067008K
  class space    used 2451K, capacity 2549K, committed 2560K, reserved 1048576K
Event: 1.225 GC heap after
Heap after GC invocations=1 (full 0):
 PSYoungGen      total 76288K, used 10720K [0x000000076ab00000, 0x0000000774000000, 0x00000007c0000000)
  eden space 65536K, 0% used [0x000000076ab00000,0x000000076ab00000,0x000000076eb00000)
  from space 10752K, 99% used [0x000000076eb00000,0x000000076f578390,0x000000076f580000)
  to   space 10752K, 0% used [0x0000000773580000,0x0000000773580000,0x0000000774000000)
 ParOldGen       total 175104K, used 4900K [0x00000006c0000000, 0x00000006cab00000, 0x000000076ab00000)
  object space 175104K, 2% used [0x00000006c0000000,0x00000006c04c9370,0x00000006cab00000)
 Metaspace       used 19461K, capacity 19696K, committed 19968K, reserved 1067008K
  class space    used 2451K, capacity 2549K, committed 2560K, reserved 1048576K
}
Event: 1.324 GC heap before
{Heap before GC invocations=2 (full 0):
 PSYoungGen      total 76288K, used 19886K [0x000000076ab00000, 0x0000000774000000, 0x00000007c0000000)
  eden space 65536K, 13% used [0x000000076ab00000,0x000000076b3f3478,0x000000076eb00000)
  from space 10752K, 99% used [0x000000076eb00000,0x000000076f578390,0x000000076f580000)
  to   space 10752K, 0% used [0x0000000773580000,0x0000000773580000,0x0000000774000000)
 ParOldGen       total 175104K, used 4900K [0x00000006c0000000, 0x00000006cab00000, 0x000000076ab00000)
  object space 175104K, 2% used [0x00000006c0000000,0x00000006c04c9370,0x00000006cab00000)
 Metaspace       used 20857K, capacity 21122K, committed 21248K, reserved 1067008K
  class space    used 2650K, capacity 2746K, committed 2816K, reserved 1048576K
Event: 1.334 GC heap after
Heap after GC invocations=2 (full 0):
 PSYoungGen      total 141824K, used 6943K [0x000000076ab00000, 0x0000000774000000, 0x00000007c0000000)
  eden space 131072K, 0% used [0x000000076ab00000,0x000000076ab00000,0x0000000772b00000)
  from space 10752K, 64% used [0x0000000773580000,0x0000000773c47e98,0x0000000774000000)
  to   space 10752K, 0% used [0x0000000772b00000,0x0000000772b00000,0x0000000773580000)
 ParOldGen       total 175104K, used 4908K [0x00000006c0000000, 0x00000006cab00000, 0x000000076ab00000)
  object space 175104K, 2% used [0x00000006c0000000,0x00000006c04cb370,0x00000006cab00000)
 Metaspace       used 20857K, capacity 21122K, committed 21248K, reserved 1067008K
  class space    used 2650K, capacity 2746K, committed 2816K, reserved 1048576K
}
Event: 1.334 GC heap before
{Heap before GC invocations=3 (full 1):
 PSYoungGen      total 141824K, used 6943K [0x000000076ab00000, 0x0000000774000000, 0x00000007c0000000)
  eden space 131072K, 0% used [0x000000076ab00000,0x000000076ab00000,0x0000000772b00000)
  from space 10752K, 64% used [0x0000000773580000,0x0000000773c47e98,0x0000000774000000)
  to   space 10752K, 0% used [0x0000000772b00000,0x0000000772b00000,0x0000000773580000)
 ParOldGen       total 175104K, used 4908K [0x00000006c0000000, 0x00000006cab00000, 0x000000076ab00000)
  object space 175104K, 2% used [0x00000006c0000000,0x00000006c04cb370,0x00000006cab00000)
 Metaspace       used 20857K, capacity 21122K, committed 21248K, reserved 1067008K
  class space    used 2650K, capacity 2746K, committed 2816K, reserved 1048576K
Event: 1.372 GC heap after
Heap after GC invocations=3 (full 1):
 PSYoungGen      total 141824K, used 0K [0x000000076ab00000, 0x0000000774000000, 0x00000007c0000000)
  eden space 131072K, 0% used [0x000000076ab00000,0x000000076ab00000,0x0000000772b00000)
  from space 10752K, 0% used [0x0000000773580000,0x0000000773580000,0x0000000774000000)
  to   space 10752K, 0% used [0x0000000772b00000,0x0000000772b00000,0x0000000773580000)
 ParOldGen       total 103424K, used 7292K [0x00000006c0000000, 0x00000006c6500000, 0x000000076ab00000)
  object space 103424K, 7% used [0x00000006c0000000,0x00000006c071f260,0x00000006c6500000)
 Metaspace       used 20857K, capacity 21122K, committed 21248K, reserved 1067008K
  class space    used 2650K, capacity 2746K, committed 2816K, reserved 1048576K
}
Event: 50.127 GC heap before
{Heap before GC invocations=4 (full 1):
 PSYoungGen      total 141824K, used 131072K [0x000000076ab00000, 0x0000000774000000, 0x00000007c0000000)
  eden space 131072K, 100% used [0x000000076ab00000,0x0000000772b00000,0x0000000772b00000)
  from space 10752K, 0% used [0x0000000773580000,0x0000000773580000,0x0000000774000000)
  to   space 10752K, 0% used [0x0000000772b00000,0x0000000772b00000,0x0000000773580000)
 ParOldGen       total 103424K, used 7292K [0x00000006c0000000, 0x00000006c6500000, 0x000000076ab00000)
  object space 103424K, 7% used [0x00000006c0000000,0x00000006c071f260,0x00000006c6500000)
 Metaspace       used 31913K, capacity 32340K, committed 32768K, reserved 1077248K
  class space    used 4136K, capacity 4247K, committed 4352K, reserved 1048576K
Event: 50.144 GC heap after
Heap after GC invocations=4 (full 1):
 PSYoungGen      total 141824K, used 10748K [0x000000076ab00000, 0x0000000778580000, 0x00000007c0000000)
  eden space 131072K, 0% used [0x000000076ab00000,0x000000076ab00000,0x0000000772b00000)
  from space 10752K, 99% used [0x0000000772b00000,0x000000077357f0d0,0x0000000773580000)
  to   space 10752K, 0% used [0x0000000777b00000,0x0000000777b00000,0x0000000778580000)
 ParOldGen       total 103424K, used 9695K [0x00000006c0000000, 0x00000006c6500000, 0x000000076ab00000)
  object space 103424K, 9% used [0x00000006c0000000,0x00000006c0977df8,0x00000006c6500000)
 Metaspace       used 31913K, capacity 32340K, committed 32768K, reserved 1077248K
  class space    used 4136K, capacity 4247K, committed 4352K, reserved 1048576K
}
Event: 190.837 GC heap before
{Heap before GC invocations=5 (full 1):
 PSYoungGen      total 141824K, used 141820K [0x000000076ab00000, 0x0000000778580000, 0x00000007c0000000)
  eden space 131072K, 100% used [0x000000076ab00000,0x0000000772b00000,0x0000000772b00000)
  from space 10752K, 99% used [0x0000000772b00000,0x000000077357f0d0,0x0000000773580000)
  to   space 10752K, 0% used [0x0000000777b00000,0x0000000777b00000,0x0000000778580000)
 ParOldGen       total 103424K, used 9695K [0x00000006c0000000, 0x00000006c6500000, 0x000000076ab00000)
  object space 103424K, 9% used [0x00000006c0000000,0x00000006c0977df8,0x00000006c6500000)
 Metaspace       used 34009K, capacity 34438K, committed 34816K, reserved 1079296K
  class space    used 4394K, capacity 4540K, committed 4608K, reserved 1048576K
Event: 190.847 GC heap after
Heap after GC invocations=5 (full 1):
 PSYoungGen      total 201216K, used 7949K [0x000000076ab00000, 0x0000000778300000, 0x00000007c0000000)
  eden space 193024K, 0% used [0x000000076ab00000,0x000000076ab00000,0x0000000776780000)
  from space 8192K, 97% used [0x0000000777b00000,0x00000007782c36c0,0x0000000778300000)
  to   space 10752K, 0% used [0x0000000776e00000,0x0000000776e00000,0x0000000777880000)
 ParOldGen       total 103424K, used 9703K [0x00000006c0000000, 0x00000006c6500000, 0x000000076ab00000)
  object space 103424K, 9% used [0x00000006c0000000,0x00000006c0979df8,0x00000006c6500000)
 Metaspace       used 34009K, capacity 34438K, committed 34816K, reserved 1079296K
  class space    used 4394K, capacity 4540K, committed 4608K, reserved 1048576K
}

